c:\users\jguo5\onedrive\documents\github\hwid-spoofer\physicalmemory\x64\release\vc142.pdb
c:\users\jguo5\onedrive\documents\github\hwid-spoofer\physicalmemory\x64\release\driver.obj
c:\users\jguo5\onedrive\documents\github\hwid-spoofer\x64\release\physicalmemory\physicalmemory.cat
c:\users\jguo5\onedrive\documents\github\hwid-spoofer\x64\release\physicalmemory.sys
c:\users\jguo5\onedrive\documents\github\hwid-spoofer\x64\release\physicalmemory.pdb
c:\users\jguo5\onedrive\documents\github\hwid-spoofer\physicalmemory\x64\release\physicalmemory.inf
c:\users\jguo5\onedrive\documents\github\hwid-spoofer\x64\release\physicalmemory.cer
c:\users\jguo5\onedrive\documents\github\hwid-spoofer\x64\release\physicalmemory.inf
c:\users\jguo5\onedrive\documents\github\hwid-spoofer\physicalmemory\x64\release\physicalmemory.tlog\cl.command.1.tlog
c:\users\jguo5\onedrive\documents\github\hwid-spoofer\physicalmemory\x64\release\physicalmemory.tlog\cl.read.1.tlog
c:\users\jguo5\onedrive\documents\github\hwid-spoofer\physicalmemory\x64\release\physicalmemory.tlog\cl.write.1.tlog
c:\users\jguo5\onedrive\documents\github\hwid-spoofer\physicalmemory\x64\release\physicalmemory.tlog\inf2cat-expand.4744.read.1.tlog
c:\users\jguo5\onedrive\documents\github\hwid-spoofer\physicalmemory\x64\release\physicalmemory.tlog\inf2cat-expand.4744.write.1.tlog
c:\users\jguo5\onedrive\documents\github\hwid-spoofer\physicalmemory\x64\release\physicalmemory.tlog\inf2cat-expand.read.1.tlog
c:\users\jguo5\onedrive\documents\github\hwid-spoofer\physicalmemory\x64\release\physicalmemory.tlog\inf2cat-expand.write.1.tlog
c:\users\jguo5\onedrive\documents\github\hwid-spoofer\physicalmemory\x64\release\physicalmemory.tlog\inf2cat.command.1.tlog
c:\users\jguo5\onedrive\documents\github\hwid-spoofer\physicalmemory\x64\release\physicalmemory.tlog\inf2cat.read.1.tlog
c:\users\jguo5\onedrive\documents\github\hwid-spoofer\physicalmemory\x64\release\physicalmemory.tlog\inf2cat.write.1.tlog
c:\users\jguo5\onedrive\documents\github\hwid-spoofer\physicalmemory\x64\release\physicalmemory.tlog\link.command.1.tlog
c:\users\jguo5\onedrive\documents\github\hwid-spoofer\physicalmemory\x64\release\physicalmemory.tlog\link.read.1.tlog
c:\users\jguo5\onedrive\documents\github\hwid-spoofer\physicalmemory\x64\release\physicalmemory.tlog\link.write.1.tlog
c:\users\jguo5\onedrive\documents\github\hwid-spoofer\physicalmemory\x64\release\physicalmemory.tlog\signtool.command.1.tlog
c:\users\jguo5\onedrive\documents\github\hwid-spoofer\physicalmemory\x64\release\physicalmemory.tlog\signtool.read.1.tlog
c:\users\jguo5\onedrive\documents\github\hwid-spoofer\physicalmemory\x64\release\physicalmemory.tlog\signtool.timestamp.1.tlog
c:\users\jguo5\onedrive\documents\github\hwid-spoofer\physicalmemory\x64\release\physicalmemory.tlog\signtool.write.1.tlog
c:\users\jguo5\onedrive\documents\github\hwid-spoofer\physicalmemory\x64\release\physicalmemory.tlog\stampinf.command.1.tlog
c:\users\jguo5\onedrive\documents\github\hwid-spoofer\physicalmemory\x64\release\physicalmemory.tlog\stampinf.read.1.tlog
c:\users\jguo5\onedrive\documents\github\hwid-spoofer\physicalmemory\x64\release\physicalmemory.tlog\stampinf.write.1.tlog
